I, [2022-01-05T02:25:30.103545 #10713]  INFO -- : Registered expected interaction GET /jobs
D, [2022-01-05T02:25:30.104302 #10713] DEBUG -- : {
  "description": "a request to get jobs",
  "providerState": "a request to get jobs",
  "request": {
    "method": "GET",
    "path": "/jobs"
  },
  "response": {
    "status": 200,
    "headers": {
      "Content-Type": {
        "json_class": "Pact::Term",
        "data": {
          "generate": "application/json; charset=utf-8",
          "matcher": {
            "json_class": "Regexp",
            "o": 0,
            "s": "application/json;?.*"
          }
        }
      }
    },
    "body": {
      "json_class": "Pact::SomethingLike",
      "contents": [
        {
          "id": "1",
          "body": "Test"
        },
        {
          "id": "2",
          "body": "Test"
        }
      ]
    }
  },
  "metadata": null
}
I, [2022-01-05T02:25:30.115053 #10713]  INFO -- : Received request GET /jobs
D, [2022-01-05T02:25:30.115288 #10713] DEBUG -- : {
  "path": "/jobs",
  "query": "",
  "method": "get",
  "headers": {
    "Accept": "application/json, text/plain, */*",
    "User-Agent": "axios/0.24.0",
    "Host": "127.0.0.1:35251",
    "Connection": "close",
    "Version": "HTTP/1.1"
  }
}
I, [2022-01-05T02:25:30.115631 #10713]  INFO -- : Found matching response for GET /jobs
D, [2022-01-05T02:25:30.115861 #10713] DEBUG -- : {
  "status": 200,
  "headers": {
    "Content-Type": {
      "json_class": "Pact::Term",
      "data": {
        "generate": "application/json; charset=utf-8",
        "matcher": {
          "json_class": "Regexp",
          "o": 0,
          "s": "application/json;?.*"
        }
      }
    }
  },
  "body": {
    "json_class": "Pact::SomethingLike",
    "contents": [
      {
        "id": "1",
        "body": "Test"
      },
      {
        "id": "2",
        "body": "Test"
      }
    ]
  }
}
I, [2022-01-05T02:25:30.126775 #10713]  INFO -- : Verifying - interactions matched
I, [2022-01-05T02:25:30.130828 #10713]  INFO -- : Cleared interactions
I, [2022-01-05T02:25:30.136776 #10713]  INFO -- : Writing pact for go-provider to /home/selo/work/todo-app-react/pacts/react-consumer-go-provider.json
